[ 2025-08-31 23:06:32,285 ] 42 root - INFO - Start data Ingestion
[ 2025-08-31 23:06:44,113 ] 65 root - INFO - Performed train test split on the dataframe
[ 2025-08-31 23:06:44,113 ] 67 root - INFO - Exited split_data_as_train_test method of Data_Ingestion class
[ 2025-08-31 23:06:44,114 ] 75 root - INFO - Exporting train and test file path.
[ 2025-08-31 23:06:44,161 ] 84 root - INFO - Exported train and test file path.
[ 2025-08-31 23:06:44,161 ] 45 root - INFO - Data Ingestion completed and artifact: DataIngestionArtifact(trained_file_path='Artifacts\\08_31_2025_23_04_53\\data_ingestion\\ingested\\train.csv', test_file_path='Artifacts\\08_31_2025_23_04_53\\data_ingestion\\ingested\\test.csv')
[ 2025-08-31 23:06:44,161 ] 55 root - INFO - Initiate the data Validation
[ 2025-08-31 23:06:44,210 ] 32 root - INFO - Required number of columns:2
[ 2025-08-31 23:06:44,210 ] 33 root - INFO - Data frame has columns:31
[ 2025-08-31 23:06:44,210 ] 32 root - INFO - Required number of columns:2
[ 2025-08-31 23:06:44,210 ] 33 root - INFO - Data frame has columns:31
[ 2025-08-31 23:06:44,327 ] 63 root - INFO - Entered initiate_data_transformation method of DataTransformation class
[ 2025-08-31 23:06:44,327 ] 65 root - INFO - Starting data transformation
[ 2025-08-31 23:06:44,359 ] 48 root - INFO - Entered get_data_transformer_object method of Transformation class
[ 2025-08-31 23:06:44,359 ] 53 root - INFO - Initialise KNNImputer with {'missing_values': nan, 'n_neighbors': 3, 'weights': 'uniform'}
[ 2025-08-31 23:06:44,371 ] 46 root - INFO - Entered the save_object method of MainUtils class
[ 2025-08-31 23:06:44,373 ] 50 root - INFO - Exited the save_object method of MainUtils class
[ 2025-08-31 23:06:44,374 ] 46 root - INFO - Entered the save_object method of MainUtils class
[ 2025-08-31 23:06:44,376 ] 50 root - INFO - Exited the save_object method of MainUtils class
[ 2025-08-31 23:09:36,270 ] 46 root - INFO - Entered the save_object method of MainUtils class
[ 2025-08-31 23:09:36,271 ] 50 root - INFO - Exited the save_object method of MainUtils class
[ 2025-08-31 23:09:36,271 ] 46 root - INFO - Entered the save_object method of MainUtils class
[ 2025-08-31 23:09:36,289 ] 50 root - INFO - Exited the save_object method of MainUtils class
[ 2025-08-31 23:09:36,289 ] 154 root - INFO - Model trainer artifact: ModelTrainerArtifact(trained_model_file_path='Artifacts\\08_31_2025_23_04_53\\model_trainer\\trained_model\\model.pkl', train_metric_artifact=ClassificationMetricArtifact(f1_score=0.9911755756161883, precision_score=0.9892690828102855, recall_score=0.9930894308943089), test_metric_artifact=ClassificationMetricArtifact(f1_score=0.9726688102893891, precision_score=0.9672262190247801, recall_score=0.9781729991915926))
